total 96K
drwxr-xr-x.   1 root root   90 Apr 19 05:06 .
drwxr-xr-x.   1 root root   90 Apr 19 05:06 ..
-rwxr-xr-x.   1 root root    0 Apr 19 05:06 .dockerenv
-rw-r--r--.   1 root root  12K Mar  5 17:36 anaconda-post.log
-rwxr-xr-x.   1 root root  182 Jan  1  1970 apply.sh
lrwxrwxrwx.   1 root root    7 Mar  5 17:34 bin -> usr/bin
drwxr-xr-x.  14 root root 2.6K Apr 19 05:07 dev
drwxr-xr-x.   1 root root   66 Apr 19 05:06 etc
drwxr-xr-x.   2 root root    6 Apr 11  2018 home
-rw-r--r--.   1 root root 5.6K Jan  1  1970 kubeconfig.kubeconfig
lrwxrwxrwx.   1 root root    7 Mar  5 17:34 lib -> usr/lib
lrwxrwxrwx.   1 root root    9 Mar  5 17:34 lib64 -> usr/lib64
-rw-r--r--.   1 root root  65K Jan  1  1970 list.yaml
drwxr-xr-x.   2 root root    6 Apr 11  2018 media
drwxr-xr-x.   2 root root    6 Apr 11  2018 mnt
-rw-r--r--.   1 root root    9 Jan  1  1970 namespace-file
drwxr-xr-x.   2 root root    6 Apr 11  2018 opt
dr-xr-xr-x. 336 root root    0 Apr 19 04:06 proc
dr-xr-x---.   1 root root   18 Apr 16 17:11 root
drwxr-xr-x.   1 root root    6 Apr 16 17:43 run
lrwxrwxrwx.   1 root root    8 Mar  5 17:34 sbin -> usr/sbin
drwxr-xr-x.   2 root root    6 Apr 11  2018 srv
dr-xr-xr-x.  13 root root    0 Apr 19 04:06 sys
drwxrwxrwt.   1 root root    6 Apr 16 17:43 tmp
drwxr-xr-x.   1 root root   30 Mar  5 17:34 usr
drwxr-xr-x.   1 root root   41 Mar  5 17:34 var
+ ls -alh /
+ ns=
+ '[' -s /namespace-file ']'
++ cat /namespace-file
+ ns='--namespace=openshift '
+ oc apply --namespace=openshift --config=/kubeconfig.kubeconfig -f /list.yaml
imagestream.image.openshift.io/dotnet created
imagestream.image.openshift.io/httpd created
imagestream.image.openshift.io/jenkins created
imagestream.image.openshift.io/mariadb created
imagestream.image.openshift.io/mongodb created
imagestream.image.openshift.io/mysql created
imagestream.image.openshift.io/nginx created
imagestream.image.openshift.io/nodejs created
imagestream.image.openshift.io/perl created
imagestream.image.openshift.io/php created
imagestream.image.openshift.io/postgresql created
imagestream.image.openshift.io/python created
imagestream.image.openshift.io/redis created
imagestream.image.openshift.io/ruby created
imagestream.image.openshift.io/wildfly created
