+ ls -alh /
openshift-apiserver
total 44K
drwxr-xr-x.   1 root root  186 Apr 19 05:06 .
drwxr-xr-x.   1 root root  186 Apr 19 05:06 ..
-rwxr-xr-x.   1 root root    0 Apr 19 05:06 .dockerenv
-rw-r--r--.   1 root root  12K Mar  5 17:36 anaconda-post.log
lrwxrwxrwx.   1 root root    7 Mar  5 17:34 bin -> usr/bin
drwxr-xr-x.  14 root root 2.6K Apr 19 05:06 dev
drwxr-xr-x.   1 root root   66 Apr 19 05:06 etc
drwxr-xr-x.   2 root root    6 Apr 11  2018 home
-rwxr-xr-x.   1 root root  857 Jan  1  1970 install.sh
-rw-r--r--.   1 root root 6.9K Jan  1  1970 install.yaml
-rw-r--r--.   1 root root 5.6K Jan  1  1970 kubeconfig.kubeconfig
lrwxrwxrwx.   1 root root    7 Mar  5 17:34 lib -> usr/lib
lrwxrwxrwx.   1 root root    9 Mar  5 17:34 lib64 -> usr/lib64
drwxr-xr-x.   2 root root    6 Apr 11  2018 media
drwxr-xr-x.   2 root root    6 Apr 11  2018 mnt
-rw-r--r--.   1 root root   19 Jan  1  1970 namespace-file
-rw-r--r--.   1 root root  168 Jan  1  1970 namespace.yaml
drwxr-xr-x.   2 root root    6 Apr 11  2018 opt
-rw-r--r--.   1 root root  587 Jan  1  1970 param-file.txt
-rw-r--r--.   1 root root    0 Jan  1  1970 privileged-sa-list.txt
dr-xr-xr-x. 314 root root    0 Apr 19 04:06 proc
-rw-r--r--.   1 root root    0 Jan  1  1970 rbac.yaml
dr-xr-x---.   1 root root   18 Apr 16 17:11 root
drwxr-xr-x.   1 root root    6 Apr 16 17:43 run
lrwxrwxrwx.   1 root root    8 Mar  5 17:34 sbin -> usr/sbin
drwxr-xr-x.   2 root root    6 Apr 11  2018 srv
dr-xr-xr-x.  13 root root    0 Apr 19 04:06 sys
drwxrwxrwt.   1 root root    6 Apr 16 17:43 tmp
drwxr-xr-x.   1 root root   30 Mar  5 17:34 usr
drwxr-xr-x.   1 root root   41 Mar  5 17:34 var
+ read p
+ ns=
+ '[' -s /namespace-file ']'
++ cat /namespace-file
+ ns='--namespace=openshift-apiserver '
+ '[' -s /namespace.yaml ']'
+ oc apply --config=/kubeconfig.kubeconfig -f /namespace.yaml
namespace/openshift-apiserver configured
+ '[' -s /rbac.yaml ']'
+ oc process --local -o yaml --ignore-unknown-parameters --param-file=/param-file.txt -f /install.yaml
+ oc apply --namespace=openshift-apiserver --config=/kubeconfig.kubeconfig -f -
daemonset.apps/openshift-apiserver unchanged
serviceaccount/openshift-apiserver unchanged
service/api unchanged
apiservice.apiregistration.k8s.io/v1.apps.openshift.io configured
apiservice.apiregistration.k8s.io/v1.authorization.openshift.io configured
apiservice.apiregistration.k8s.io/v1.build.openshift.io configured
apiservice.apiregistration.k8s.io/v1.image.openshift.io configured
apiservice.apiregistration.k8s.io/v1.network.openshift.io configured
apiservice.apiregistration.k8s.io/v1.oauth.openshift.io configured
apiservice.apiregistration.k8s.io/v1.project.openshift.io configured
apiservice.apiregistration.k8s.io/v1.quota.openshift.io configured
apiservice.apiregistration.k8s.io/v1.route.openshift.io configured
apiservice.apiregistration.k8s.io/v1.security.openshift.io configured
apiservice.apiregistration.k8s.io/v1.template.openshift.io configured
apiservice.apiregistration.k8s.io/v1.user.openshift.io configured
