openshift-web-console-operator
+ ls -alh /
+ read p
+ ns=
+ '[' -s /namespace-file ']'
++ cat /namespace-file
+ ns='--namespace=openshift-core-operators '
+ '[' -s /namespace.yaml ']'
+ '[' -s /namespace-file ']'
++ cat /namespace-file
+ oc apply --config=/kubeconfig.kubeconfig -f -
+ oc create ns openshift-core-operators --config=/kubeconfig.kubeconfig --dry-run -o yaml
total 40K
drwxr-xr-x.   1 root root  186 Apr 19 05:07 .
drwxr-xr-x.   1 root root  186 Apr 19 05:07 ..
-rwxr-xr-x.   1 root root    0 Apr 19 05:06 .dockerenv
-rw-r--r--.   1 root root  12K Mar  5 17:36 anaconda-post.log
lrwxrwxrwx.   1 root root    7 Mar  5 17:34 bin -> usr/bin
drwxr-xr-x.  14 root root 2.6K Apr 19 05:07 dev
drwxr-xr-x.   1 root root   66 Apr 19 05:06 etc
drwxr-xr-x.   2 root root    6 Apr 11  2018 home
-rwxr-xr-x.   1 root root  857 Jan  1  1970 install.sh
-rw-r--r--.   1 root root 2.8K Jan  1  1970 install.yaml
-rw-r--r--.   1 root root 5.6K Jan  1  1970 kubeconfig.kubeconfig
lrwxrwxrwx.   1 root root    7 Mar  5 17:34 lib -> usr/lib
lrwxrwxrwx.   1 root root    9 Mar  5 17:34 lib64 -> usr/lib64
drwxr-xr-x.   2 root root    6 Apr 11  2018 media
drwxr-xr-x.   2 root root    6 Apr 11  2018 mnt
-rw-r--r--.   1 root root   24 Jan  1  1970 namespace-file
-rw-r--r--.   1 root root    0 Jan  1  1970 namespace.yaml
drwxr-xr-x.   2 root root    6 Apr 11  2018 opt
-rw-r--r--.   1 root root  199 Jan  1  1970 param-file.txt
-rw-r--r--.   1 root root    0 Jan  1  1970 privileged-sa-list.txt
dr-xr-xr-x. 358 root root    0 Apr 19 04:06 proc
-rw-r--r--.   1 root root  460 Jan  1  1970 rbac.yaml
dr-xr-x---.   1 root root   18 Apr 16 17:11 root
drwxr-xr-x.   1 root root    6 Apr 16 17:43 run
lrwxrwxrwx.   1 root root    8 Mar  5 17:34 sbin -> usr/sbin
drwxr-xr-x.   2 root root    6 Apr 11  2018 srv
dr-xr-xr-x.  13 root root    0 Apr 19 04:06 sys
drwxrwxrwt.   1 root root    6 Apr 16 17:43 tmp
drwxr-xr-x.   1 root root   30 Mar  5 17:34 usr
drwxr-xr-x.   1 root root   41 Mar  5 17:34 var
namespace/openshift-core-operators configured
+ '[' -s /rbac.yaml ']'
+ oc process --local -o yaml --ignore-unknown-parameters --param-file=/param-file.txt -f /rbac.yaml
+ oc auth reconcile --config=/kubeconfig.kubeconfig -f -
clusterrolebinding.rbac.authorization.k8s.io/system:openshift:operator:web-console reconciled
+ oc apply --namespace=openshift-core-operators --config=/kubeconfig.kubeconfig -f -
+ oc process --local -o yaml --ignore-unknown-parameters --param-file=/param-file.txt -f /install.yaml
customresourcedefinition.apiextensions.k8s.io/openshiftwebconsoleconfigs.webconsole.operator.openshift.io created
configmap/openshift-web-console-operator-config created
deployment.apps/openshift-web-console-operator created
serviceaccount/openshift-web-console-operator created
openshiftwebconsoleconfig.webconsole.operator.openshift.io/instance created
